[2025-10-15 17:05:42] === INICIANDO POLÍTICA DE RESPALDOS ===
[2025-10-15 17:05:42] Proyecto: Sistema Pollo Sanjuanero S.A.
[2025-10-15 17:05:42] Configurando directorios de backup...
[2025-10-15 17:05:42] ✅ Directorios de backup configurados
[2025-10-15 17:05:42] Configuración inicial completada
[2025-10-15 17:05:42] === ESTADO ACTUAL DE BACKUPS ===
[2025-10-15 17:05:42] === POLÍTICA DE RESPALDOS COMPLETADA ===
[2025-10-15 17:05:51] === INICIANDO POLÍTICA DE RESPALDOS ===
[2025-10-15 17:05:51] Proyecto: Sistema Pollo Sanjuanero S.A.
[2025-10-15 17:05:51] Configurando directorios de backup...
[2025-10-15 17:05:51] ✅ Directorios de backup configurados
[2025-10-15 17:05:51] Iniciando backup completo: full_backup_20251015_170551
[2025-10-15 17:06:07] === INICIANDO POLÍTICA DE RESPALDOS ===
[2025-10-15 17:06:07] Proyecto: Sistema Pollo Sanjuanero S.A.
[2025-10-15 17:06:07] Configurando directorios de backup...
[2025-10-15 17:06:07] ✅ Directorios de backup configurados
[2025-10-15 17:06:07] Iniciando backup completo: full_backup_20251015_170607
[2025-10-15 17:06:08] ✅ Backup completo exitoso: full_backup_20251015_170607
[2025-10-15 17:06:08] Iniciando limpieza de backups antiguos (retención: 7 días)
[2025-10-15 17:06:18] === INICIANDO POLÍTICA DE RESPALDOS ===
[2025-10-15 17:06:18] Proyecto: Sistema Pollo Sanjuanero S.A.
[2025-10-15 17:06:18] Configurando directorios de backup...
[2025-10-15 17:06:18] ✅ Directorios de backup configurados
[2025-10-15 17:06:18] Iniciando backup incremental: incremental_backup_20251015_170618
[2025-10-15 17:22:36] === INICIANDO POLÍTICA DE RESPALDOS ===
[2025-10-15 17:22:36] Proyecto: Sistema Pollo Sanjuanero S.A.
[2025-10-15 17:22:36] Configurando directorios de backup...
[2025-10-15 17:22:36] ✅ Directorios de backup configurados
[2025-10-15 17:22:36] Configuración inicial completada
[2025-10-15 17:22:36] === ESTADO ACTUAL DE BACKUPS ===
[2025-10-15 17:22:36] === POLÍTICA DE RESPALDOS COMPLETADA ===
[2025-10-15 17:22:44] === INICIANDO POLÍTICA DE RESPALDOS ===
[2025-10-15 17:22:44] Proyecto: Sistema Pollo Sanjuanero S.A.
[2025-10-15 17:22:44] Configurando directorios de backup...
[2025-10-15 17:22:44] ✅ Directorios de backup configurados
[2025-10-15 17:22:44] Iniciando backup completo: full_backup_20251015_172244
[2025-10-15 17:22:44] ✅ Backup completo exitoso: full_backup_20251015_172244
[2025-10-15 17:22:45] Iniciando limpieza de backups antiguos (retención: 7 días)
[2025-10-15 17:22:55] === INICIANDO POLÍTICA DE RESPALDOS ===
[2025-10-15 17:22:55] Proyecto: Sistema Pollo Sanjuanero S.A.
[2025-10-15 17:22:55] Configurando directorios de backup...
[2025-10-15 17:22:55] ✅ Directorios de backup configurados
[2025-10-15 17:22:55] Iniciando backup incremental: incremental_backup_20251015_172255
[2025-10-15 17:23:03] === INICIANDO POLÍTICA DE RESPALDOS ===
[2025-10-15 17:23:03] Proyecto: Sistema Pollo Sanjuanero S.A.
[2025-10-15 17:23:03] Configurando directorios de backup...
[2025-10-15 17:23:03] ✅ Directorios de backup configurados
[2025-10-15 17:23:03] === ESTADO ACTUAL DE BACKUPS ===
[2025-10-15 17:23:03] === POLÍTICA DE RESPALDOS COMPLETADA ===
